<?xml version="1.0" encoding="UTF-8"?>
<!-- Generated by org.testng.reporters.JUnitReportReporter -->
<testsuite hostname="Prajina" failures="0" tests="1" name="Login.Hrmlogin" time="9.364" errors="0" timestamp="2025-05-28T14:24:22 IST" skipped="0">
  <testcase classname="Login.Hrmlogin" name="usrcasesensitive" time="9.364"/>
</testsuite> <!-- Login.Hrmlogin -->
